<?xml version="1.0" encoding="UTF-8"?>
<robot generator="Robot 3.2.1 (Python 3.6.5 on win32)" generated="20200823 16:58:49.661" rpa="false">
<suite id="s1" name="Tests" source="F:\RobotScripts\MercuryTours\Tests">
<suite id="s1-s1" name="Login" source="F:\RobotScripts\MercuryTours\Tests\Login.robot">
<test id="s1-s1-t1" name="Login into the AdvantageOnline application">
<kw name="Begin Web Test" library="Common" type="setup">
<kw name="Open Browser" library="SeleniumLibrary">
<doc>Opens a new browser instance to the optional ``url``.</doc>
<arguments>
<arg>about:blank</arg>
<arg>${BROWSER}</arg>
</arguments>
<msg timestamp="20200823 16:58:49.920" level="INFO">Opening browser 'chrome' to base url 'about:blank'.</msg>
<status status="PASS" starttime="20200823 16:58:49.920" endtime="20200823 16:58:55.460"></status>
</kw>
<kw name="Maximize Browser Window" library="SeleniumLibrary">
<doc>Maximizes current browser window.</doc>
<status status="PASS" starttime="20200823 16:58:55.461" endtime="20200823 16:58:57.639"></status>
</kw>
<status status="PASS" starttime="20200823 16:58:49.920" endtime="20200823 16:58:57.639"></status>
</kw>
<kw name="Verify Successful Login Functionality" library="AdvantageOnline">
<kw name="Launch the URL" library="Common">
<kw name="Go To" library="SeleniumLibrary">
<doc>Navigates the current browser window to the provided ``url``.</doc>
<arguments>
<arg>${APPURL}</arg>
</arguments>
<msg timestamp="20200823 16:58:57.642" level="INFO">Opening url 'http://www.advantageonlineshopping.com'</msg>
<status status="PASS" starttime="20200823 16:58:57.642" endtime="20200823 16:58:59.427"></status>
</kw>
<kw name="Sleep" library="BuiltIn">
<doc>Pauses the test executed for the given time.</doc>
<arguments>
<arg>10s</arg>
</arguments>
<msg timestamp="20200823 16:59:09.429" level="INFO">Slept 10 seconds</msg>
<status status="PASS" starttime="20200823 16:58:59.427" endtime="20200823 16:59:09.429"></status>
</kw>
<status status="PASS" starttime="20200823 16:58:57.642" endtime="20200823 16:59:09.429"></status>
</kw>
<kw name="Click on the SignIn Image" library="LoginPage">
<kw name="Wait Until Page Contains Element" library="SeleniumLibrary">
<doc>Waits until the element ``locator`` appears on the current page.</doc>
<arguments>
<arg>${SignIn_Img}</arg>
<arg>10s</arg>
</arguments>
<status status="PASS" starttime="20200823 16:59:09.429" endtime="20200823 16:59:09.472"></status>
</kw>
<kw name="Click Element" library="SeleniumLibrary">
<doc>Click the element identified by ``locator``.</doc>
<arguments>
<arg>${SignIn_Img}</arg>
</arguments>
<msg timestamp="20200823 16:59:09.473" level="INFO">Clicking element 'xpath=//*[@id='menuUser']'.</msg>
<status status="PASS" starttime="20200823 16:59:09.472" endtime="20200823 16:59:09.600"></status>
</kw>
<kw name="Sleep" library="BuiltIn">
<doc>Pauses the test executed for the given time.</doc>
<arguments>
<arg>3s</arg>
</arguments>
<msg timestamp="20200823 16:59:12.604" level="INFO">Slept 3 seconds</msg>
<status status="PASS" starttime="20200823 16:59:09.601" endtime="20200823 16:59:12.605"></status>
</kw>
<status status="PASS" starttime="20200823 16:59:09.429" endtime="20200823 16:59:12.605"></status>
</kw>
<kw name="Enter UserName" library="LoginPage">
<arguments>
<arg>${USERNAME}</arg>
</arguments>
<kw name="Input Text" library="SeleniumLibrary">
<doc>Types the given ``text`` into the text field identified by ``locator``.</doc>
<arguments>
<arg>${UserName_txt}</arg>
<arg>${userName}</arg>
</arguments>
<msg timestamp="20200823 16:59:12.606" level="INFO">Typing text 'NarenderNukala' into text field 'xpath=//input[@name='username']'.</msg>
<status status="PASS" starttime="20200823 16:59:12.606" endtime="20200823 16:59:12.820"></status>
</kw>
<status status="PASS" starttime="20200823 16:59:12.606" endtime="20200823 16:59:12.820"></status>
</kw>
<kw name="Enter Password" library="LoginPage">
<arguments>
<arg>${PASSWORD}</arg>
</arguments>
<kw name="Input Text" library="SeleniumLibrary">
<doc>Types the given ``text`` into the text field identified by ``locator``.</doc>
<arguments>
<arg>${Password_txt}</arg>
<arg>${password}</arg>
</arguments>
<msg timestamp="20200823 16:59:12.820" level="INFO">Typing text 'Test@123' into text field 'xpath=//input[@name='password']'.</msg>
<status status="PASS" starttime="20200823 16:59:12.820" endtime="20200823 16:59:12.931"></status>
</kw>
<status status="PASS" starttime="20200823 16:59:12.820" endtime="20200823 16:59:12.931"></status>
</kw>
<kw name="Click on SignIn Button" library="LoginPage">
<kw name="Click Button" library="SeleniumLibrary">
<doc>Clicks the button identified by ``locator``.</doc>
<arguments>
<arg>${SignIn_btn}</arg>
</arguments>
<msg timestamp="20200823 16:59:12.931" level="INFO">Clicking button 'xpath=//button[@id='sign_in_btnundefined']'.</msg>
<status status="PASS" starttime="20200823 16:59:12.931" endtime="20200823 16:59:13.051"></status>
</kw>
<kw name="Sleep" library="BuiltIn">
<doc>Pauses the test executed for the given time.</doc>
<arguments>
<arg>5s</arg>
</arguments>
<msg timestamp="20200823 16:59:18.053" level="INFO">Slept 5 seconds</msg>
<status status="PASS" starttime="20200823 16:59:13.051" endtime="20200823 16:59:18.053"></status>
</kw>
<status status="PASS" starttime="20200823 16:59:12.931" endtime="20200823 16:59:18.054"></status>
</kw>
<kw name="Verify the Login Functionality" library="LoginPage">
<kw name="Element Text Should Be" library="SeleniumLibrary">
<doc>Verifies that element ``locator`` contains exact the text ``expected``.</doc>
<arguments>
<arg>${SignInUser_txt}</arg>
<arg>${USERNAME}</arg>
</arguments>
<msg timestamp="20200823 16:59:18.055" level="INFO">Verifying element 'xpath=//a[@id="menuUserLink"]/span' contains exact text 'NarenderNukala'.</msg>
<status status="PASS" starttime="20200823 16:59:18.055" endtime="20200823 16:59:18.122"></status>
</kw>
<status status="PASS" starttime="20200823 16:59:18.054" endtime="20200823 16:59:18.122"></status>
</kw>
<status status="PASS" starttime="20200823 16:58:57.641" endtime="20200823 16:59:18.122"></status>
</kw>
<kw name="End Web Test" library="Common" type="teardown">
<kw name="Close Browser" library="SeleniumLibrary">
<doc>Closes the current browser.</doc>
<status status="PASS" starttime="20200823 16:59:18.122" endtime="20200823 16:59:22.257"></status>
</kw>
<status status="PASS" starttime="20200823 16:59:18.122" endtime="20200823 16:59:22.258"></status>
</kw>
<status status="PASS" starttime="20200823 16:58:49.920" endtime="20200823 16:59:22.259" critical="yes"></status>
</test>
<test id="s1-s1-t2" name="Login into the application with Invalid Credentials">
<kw name="Begin Web Test" library="Common" type="setup">
<kw name="Open Browser" library="SeleniumLibrary">
<doc>Opens a new browser instance to the optional ``url``.</doc>
<arguments>
<arg>about:blank</arg>
<arg>${BROWSER}</arg>
</arguments>
<msg timestamp="20200823 16:59:22.266" level="INFO">Opening browser 'chrome' to base url 'about:blank'.</msg>
<status status="PASS" starttime="20200823 16:59:22.266" endtime="20200823 16:59:28.116"></status>
</kw>
<kw name="Maximize Browser Window" library="SeleniumLibrary">
<doc>Maximizes current browser window.</doc>
<status status="PASS" starttime="20200823 16:59:28.116" endtime="20200823 16:59:30.304"></status>
</kw>
<status status="PASS" starttime="20200823 16:59:22.265" endtime="20200823 16:59:30.304"></status>
</kw>
<kw name="Verify Login Functionality With Invalid Credentials" library="AdvantageOnline">
<kw name="Launch the URL" library="Common">
<kw name="Go To" library="SeleniumLibrary">
<doc>Navigates the current browser window to the provided ``url``.</doc>
<arguments>
<arg>${APPURL}</arg>
</arguments>
<msg timestamp="20200823 16:59:30.304" level="INFO">Opening url 'http://www.advantageonlineshopping.com'</msg>
<status status="PASS" starttime="20200823 16:59:30.304" endtime="20200823 16:59:32.032"></status>
</kw>
<kw name="Sleep" library="BuiltIn">
<doc>Pauses the test executed for the given time.</doc>
<arguments>
<arg>10s</arg>
</arguments>
<msg timestamp="20200823 16:59:42.034" level="INFO">Slept 10 seconds</msg>
<status status="PASS" starttime="20200823 16:59:32.033" endtime="20200823 16:59:42.034"></status>
</kw>
<status status="PASS" starttime="20200823 16:59:30.304" endtime="20200823 16:59:42.035"></status>
</kw>
<kw name="Click on the SignIn Image" library="LoginPage">
<kw name="Wait Until Page Contains Element" library="SeleniumLibrary">
<doc>Waits until the element ``locator`` appears on the current page.</doc>
<arguments>
<arg>${SignIn_Img}</arg>
<arg>10s</arg>
</arguments>
<status status="PASS" starttime="20200823 16:59:42.036" endtime="20200823 16:59:42.094"></status>
</kw>
<kw name="Click Element" library="SeleniumLibrary">
<doc>Click the element identified by ``locator``.</doc>
<arguments>
<arg>${SignIn_Img}</arg>
</arguments>
<msg timestamp="20200823 16:59:42.094" level="INFO">Clicking element 'xpath=//*[@id='menuUser']'.</msg>
<status status="PASS" starttime="20200823 16:59:42.094" endtime="20200823 16:59:42.211"></status>
</kw>
<kw name="Sleep" library="BuiltIn">
<doc>Pauses the test executed for the given time.</doc>
<arguments>
<arg>3s</arg>
</arguments>
<msg timestamp="20200823 16:59:45.213" level="INFO">Slept 3 seconds</msg>
<status status="PASS" starttime="20200823 16:59:42.211" endtime="20200823 16:59:45.213"></status>
</kw>
<status status="PASS" starttime="20200823 16:59:42.036" endtime="20200823 16:59:45.213"></status>
</kw>
<kw name="Enter UserName" library="LoginPage">
<arguments>
<arg>${INVALIDUSERNAME}</arg>
</arguments>
<kw name="Input Text" library="SeleniumLibrary">
<doc>Types the given ``text`` into the text field identified by ``locator``.</doc>
<arguments>
<arg>${UserName_txt}</arg>
<arg>${userName}</arg>
</arguments>
<msg timestamp="20200823 16:59:45.216" level="INFO">Typing text 'TestTest' into text field 'xpath=//input[@name='username']'.</msg>
<status status="PASS" starttime="20200823 16:59:45.216" endtime="20200823 16:59:45.424"></status>
</kw>
<status status="PASS" starttime="20200823 16:59:45.213" endtime="20200823 16:59:45.424"></status>
</kw>
<kw name="Enter Password" library="LoginPage">
<arguments>
<arg>${INVALIDPASSWORD}</arg>
</arguments>
<kw name="Input Text" library="SeleniumLibrary">
<doc>Types the given ``text`` into the text field identified by ``locator``.</doc>
<arguments>
<arg>${Password_txt}</arg>
<arg>${password}</arg>
</arguments>
<msg timestamp="20200823 16:59:45.424" level="INFO">Typing text 'Test@12' into text field 'xpath=//input[@name='password']'.</msg>
<status status="PASS" starttime="20200823 16:59:45.424" endtime="20200823 16:59:45.529"></status>
</kw>
<status status="PASS" starttime="20200823 16:59:45.424" endtime="20200823 16:59:45.530"></status>
</kw>
<kw name="Click on SignIn Button" library="LoginPage">
<kw name="Click Button" library="SeleniumLibrary">
<doc>Clicks the button identified by ``locator``.</doc>
<arguments>
<arg>${SignIn_btn}</arg>
</arguments>
<msg timestamp="20200823 16:59:45.530" level="INFO">Clicking button 'xpath=//button[@id='sign_in_btnundefined']'.</msg>
<status status="PASS" starttime="20200823 16:59:45.530" endtime="20200823 16:59:45.669"></status>
</kw>
<kw name="Sleep" library="BuiltIn">
<doc>Pauses the test executed for the given time.</doc>
<arguments>
<arg>5s</arg>
</arguments>
<msg timestamp="20200823 16:59:50.674" level="INFO">Slept 5 seconds</msg>
<status status="PASS" starttime="20200823 16:59:45.670" endtime="20200823 16:59:50.674"></status>
</kw>
<status status="PASS" starttime="20200823 16:59:45.530" endtime="20200823 16:59:50.675"></status>
</kw>
<kw name="Verify the Login Error Message" library="LoginPage">
<kw name="Element Text Should Be" library="SeleniumLibrary">
<doc>Verifies that element ``locator`` contains exact the text ``expected``.</doc>
<arguments>
<arg>${SignInErrorMsg_txt}</arg>
<arg>${SignInErrorMsg}</arg>
</arguments>
<msg timestamp="20200823 16:59:50.676" level="INFO">Verifying element 'css=#signInResultMessage' contains exact text 'Incorrect user name or password.'.</msg>
<status status="PASS" starttime="20200823 16:59:50.676" endtime="20200823 16:59:50.744"></status>
</kw>
<status status="PASS" starttime="20200823 16:59:50.675" endtime="20200823 16:59:50.744"></status>
</kw>
<status status="PASS" starttime="20200823 16:59:30.304" endtime="20200823 16:59:50.744"></status>
</kw>
<kw name="End Web Test" library="Common" type="teardown">
<kw name="Close Browser" library="SeleniumLibrary">
<doc>Closes the current browser.</doc>
<status status="PASS" starttime="20200823 16:59:50.745" endtime="20200823 16:59:54.881"></status>
</kw>
<status status="PASS" starttime="20200823 16:59:50.745" endtime="20200823 16:59:54.882"></status>
</kw>
<status status="PASS" starttime="20200823 16:59:22.263" endtime="20200823 16:59:54.882" critical="yes"></status>
</test>
<doc>This is suite related to Login Functionality</doc>
<status status="PASS" starttime="20200823 16:58:49.687" endtime="20200823 16:59:54.888"></status>
</suite>
<status status="PASS" starttime="20200823 16:58:49.663" endtime="20200823 16:59:54.897"></status>
</suite>
<statistics>
<total>
<stat pass="2" fail="0">Critical Tests</stat>
<stat pass="2" fail="0">All Tests</stat>
</total>
<tag>
</tag>
<suite>
<stat pass="2" fail="0" id="s1" name="Tests">Tests</stat>
<stat pass="2" fail="0" id="s1-s1" name="Login">Tests.Login</stat>
</suite>
</statistics>
<errors>
</errors>
</robot>
