<?xml version="1.0" encoding="UTF-8"?>
<robot generator="Robot 3.2.1 (Python 3.6.5 on win32)" generated="20200831 21:40:30.645" rpa="false">
<suite id="s1" name="PostReqEx" source="F:\RobotScripts\APIAutomation\Tests\PostReqEx.robot">
<test id="s1-t1" name="Creating new resource">
<kw name="Create Session" library="RequestsLibrary">
<doc>Create Session: create a HTTP session to a server</doc>
<arguments>
<arg>addData</arg>
<arg>${baseURL}</arg>
</arguments>
<msg timestamp="20200831 21:40:30.875" level="INFO">Creating Session using : alias=addData, url=http://thetestingworldapi.com/, headers={},                     cookies={}, auth=None, timeout=None, proxies=None, verify=False,                     debug=0 </msg>
<status status="PASS" starttime="20200831 21:40:30.875" endtime="20200831 21:40:30.875"></status>
</kw>
<kw name="Create Dictionary" library="BuiltIn">
<doc>Creates and returns a dictionary based on the given ``items``.</doc>
<arguments>
<arg>first_name=Testing</arg>
<arg>middle_name=A</arg>
<arg>last_name=World</arg>
<arg>date_of_birth=12/12/1990</arg>
</arguments>
<assign>
<var>${body}</var>
</assign>
<msg timestamp="20200831 21:40:30.877" level="INFO">${body} = {'first_name': 'Testing', 'middle_name': 'A', 'last_name': 'World', 'date_of_birth': '12/12/1990'}</msg>
<status status="PASS" starttime="20200831 21:40:30.876" endtime="20200831 21:40:30.877"></status>
</kw>
<kw name="Create Dictionary" library="BuiltIn">
<doc>Creates and returns a dictionary based on the given ``items``.</doc>
<arguments>
<arg>Content-Type=application/json</arg>
</arguments>
<assign>
<var>${headers}</var>
</assign>
<msg timestamp="20200831 21:40:30.878" level="INFO">${headers} = {'Content-Type': 'application/json'}</msg>
<status status="PASS" starttime="20200831 21:40:30.877" endtime="20200831 21:40:30.878"></status>
</kw>
<kw name="Post Request" library="RequestsLibrary">
<doc>Send a POST request on the session object found using the
given `alias`</doc>
<arguments>
<arg>addData</arg>
<arg>/api/studentsDetails</arg>
<arg>data=${body}</arg>
<arg>headers=${headers}</arg>
</arguments>
<assign>
<var>${response}</var>
</assign>
<msg timestamp="20200831 21:40:30.920" level="INFO">POST Request : url=http://thetestingworldapi.com//api/studentsDetails 
 path_url=//api/studentsDetails 
 headers={'User-Agent': 'python-requests/2.24.0', 'Accept-Encoding': 'gzip, deflate', 'Accept': '*/*', 'Connection': 'keep-alive', 'Content-Type': 'application/json', 'Content-Length': '98'} 
 body={"first_name": "Testing", "middle_name": "A", "last_name": "World", "date_of_birth": "12/12/1990"} 
 </msg>
<msg timestamp="20200831 21:40:30.920" level="INFO">POST Response : url=http://thetestingworldapi.com//api/studentsDetails 
 status=201, reason=Created 
 body={"id":68244,"first_name":"Testing","middle_name":"A","last_name":"World","date_of_birth":"12/12/1990"} 
 </msg>
<msg timestamp="20200831 21:40:30.921" level="INFO">${response} = &lt;Response [201]&gt;</msg>
<status status="PASS" starttime="20200831 21:40:30.878" endtime="20200831 21:40:30.921"></status>
</kw>
<kw name="Log To Console" library="BuiltIn">
<doc>Logs the given message to the console.</doc>
<arguments>
<arg>${response.status_code}</arg>
</arguments>
<status status="PASS" starttime="20200831 21:40:30.921" endtime="20200831 21:40:30.922"></status>
</kw>
<kw name="Log To Console" library="BuiltIn">
<doc>Logs the given message to the console.</doc>
<arguments>
<arg>${response.content}</arg>
</arguments>
<status status="PASS" starttime="20200831 21:40:30.922" endtime="20200831 21:40:30.923"></status>
</kw>
<kw name="Convert To String" library="BuiltIn">
<doc>Converts the given item to a Unicode string.</doc>
<arguments>
<arg>${response.status_code}</arg>
</arguments>
<assign>
<var>${code}</var>
</assign>
<msg timestamp="20200831 21:40:30.924" level="INFO">${code} = 201</msg>
<status status="PASS" starttime="20200831 21:40:30.923" endtime="20200831 21:40:30.924"></status>
</kw>
<kw name="Should Be Equal" library="BuiltIn">
<doc>Fails if the given objects are unequal.</doc>
<arguments>
<arg>${code}</arg>
<arg>201</arg>
</arguments>
<status status="PASS" starttime="20200831 21:40:30.924" endtime="20200831 21:40:30.924"></status>
</kw>
<status status="PASS" starttime="20200831 21:40:30.874" endtime="20200831 21:40:30.925" critical="yes"></status>
</test>
<status status="PASS" starttime="20200831 21:40:30.647" endtime="20200831 21:40:30.926"></status>
</suite>
<statistics>
<total>
<stat pass="1" fail="0">Critical Tests</stat>
<stat pass="1" fail="0">All Tests</stat>
</total>
<tag>
</tag>
<suite>
<stat pass="1" fail="0" id="s1" name="PostReqEx">PostReqEx</stat>
</suite>
</statistics>
<errors>
</errors>
</robot>
