<?xml version="1.0" encoding="UTF-8"?>
<robot generator="Robot 3.2.1 (Python 3.6.5 on win32)" generated="20200814 07:08:49.099" rpa="false">
<suite id="s1" name="Built in" source="F:\RobotScripts\explore-libraries\tests\Built_in.robot">
<test id="s1-t1" name="Declare and set variables">
<kw name="Set Variable" library="BuiltIn">
<doc>Returns the given values which can then be assigned to a variables.</doc>
<arguments>
<arg>This is only available within this test</arg>
</arguments>
<assign>
<var>${some_test_data}</var>
</assign>
<msg timestamp="20200814 07:08:49.531" level="INFO">${some_test_data} = This is only available within this test</msg>
<status status="PASS" starttime="20200814 07:08:49.527" endtime="20200814 07:08:49.531"></status>
</kw>
<kw name="Set Test Variable" library="BuiltIn">
<doc>Makes a variable available everywhere within the scope of the current test.</doc>
<arguments>
<arg>${more_test_data}</arg>
<arg>This is also only available within this test</arg>
</arguments>
<msg timestamp="20200814 07:08:49.531" level="INFO">${more_test_data} = This is also only available within this test</msg>
<status status="PASS" starttime="20200814 07:08:49.531" endtime="20200814 07:08:49.531"></status>
</kw>
<kw name="Set Suite Variable" library="BuiltIn">
<doc>Makes a variable available everywhere within the scope of the current suite.</doc>
<arguments>
<arg>${some_suite_data}</arg>
<arg>This is available within all tests in this suite</arg>
</arguments>
<msg timestamp="20200814 07:08:49.531" level="INFO">${some_suite_data} = This is available within all tests in this suite</msg>
<status status="PASS" starttime="20200814 07:08:49.531" endtime="20200814 07:08:49.531"></status>
</kw>
<kw name="Set Global Variable" library="BuiltIn">
<doc>Makes a variable available globally in all tests and suites.</doc>
<arguments>
<arg>${SOME_GLOBAL_DATA}</arg>
<arg>This available everywhere</arg>
</arguments>
<msg timestamp="20200814 07:08:49.531" level="INFO">${SOME_GLOBAL_DATA} = This available everywhere</msg>
<status status="PASS" starttime="20200814 07:08:49.531" endtime="20200814 07:08:49.531"></status>
</kw>
<status status="PASS" starttime="20200814 07:08:49.527" endtime="20200814 07:08:49.535" critical="yes"></status>
</test>
<test id="s1-t2" name="Logging stuff">
<kw name="Comment" library="BuiltIn">
<doc>Displays the given messages in the log file as keyword arguments.</doc>
<arguments>
<arg>${unset_variable}</arg>
</arguments>
<status status="PASS" starttime="20200814 07:08:49.535" endtime="20200814 07:08:49.535"></status>
</kw>
<kw name="Comment" library="BuiltIn">
<doc>Displays the given messages in the log file as keyword arguments.</doc>
<arguments>
<arg>Just a random comment</arg>
</arguments>
<status status="PASS" starttime="20200814 07:08:49.535" endtime="20200814 07:08:49.535"></status>
</kw>
<kw name="Comment" library="BuiltIn">
<doc>Displays the given messages in the log file as keyword arguments.</doc>
<arguments>
<arg>${GLOBAL1}</arg>
</arguments>
<status status="PASS" starttime="20200814 07:08:49.539" endtime="20200814 07:08:49.539"></status>
</kw>
<kw name="Log" library="BuiltIn">
<doc>Logs the given message with the given level.</doc>
<arguments>
<arg>I have something to say</arg>
</arguments>
<msg timestamp="20200814 07:08:49.539" level="INFO">I have something to say</msg>
<status status="PASS" starttime="20200814 07:08:49.539" endtime="20200814 07:08:49.539"></status>
</kw>
<kw name="Log Many" library="BuiltIn">
<doc>Logs the given messages as separate entries using the INFO level.</doc>
<arguments>
<arg>Something to say 1</arg>
<arg>Something to say 2</arg>
<arg>Something to say 3</arg>
</arguments>
<msg timestamp="20200814 07:08:49.539" level="INFO">Something to say 1</msg>
<msg timestamp="20200814 07:08:49.539" level="INFO">Something to say 2</msg>
<msg timestamp="20200814 07:08:49.539" level="INFO">Something to say 3</msg>
<status status="PASS" starttime="20200814 07:08:49.539" endtime="20200814 07:08:49.539"></status>
</kw>
<kw name="Log To Console" library="BuiltIn">
<doc>Logs the given message to the console.</doc>
<arguments>
<arg>This can only be seen in the console, not the log!</arg>
</arguments>
<status status="PASS" starttime="20200814 07:08:49.539" endtime="20200814 07:08:49.539"></status>
</kw>
<kw name="Log Variables" library="BuiltIn">
<doc>Logs all variables in the current scope with given log level.</doc>
<msg timestamp="20200814 07:08:49.543" level="INFO">${/} = \</msg>
<msg timestamp="20200814 07:08:49.543" level="INFO">${:} = ;</msg>
<msg timestamp="20200814 07:08:49.543" level="INFO">${\n} = 
</msg>
<msg timestamp="20200814 07:08:49.543" level="INFO">${DEBUG_FILE} = NONE</msg>
<msg timestamp="20200814 07:08:49.543" level="INFO">${EXECDIR} = F:\RobotScripts\explore-libraries</msg>
<msg timestamp="20200814 07:08:49.543" level="INFO">${False} = False</msg>
<msg timestamp="20200814 07:08:49.543" level="INFO">${GLOBAL1} = I am global variable 1</msg>
<msg timestamp="20200814 07:08:49.543" level="INFO">${LOG_FILE} = F:\RobotScripts\explore-libraries\results\built-in\log.html</msg>
<msg timestamp="20200814 07:08:49.543" level="INFO">${LOG_LEVEL} = INFO</msg>
<msg timestamp="20200814 07:08:49.543" level="INFO">${None} = None</msg>
<msg timestamp="20200814 07:08:49.543" level="INFO">${null} = None</msg>
<msg timestamp="20200814 07:08:49.543" level="INFO">${OUTPUT_DIR} = F:\RobotScripts\explore-libraries\results\built-in</msg>
<msg timestamp="20200814 07:08:49.543" level="INFO">${OUTPUT_FILE} = F:\RobotScripts\explore-libraries\results\built-in\output.xml</msg>
<msg timestamp="20200814 07:08:49.543" level="INFO">${PREV_TEST_MESSAGE} = </msg>
<msg timestamp="20200814 07:08:49.543" level="INFO">${PREV_TEST_NAME} = Declare and set variables</msg>
<msg timestamp="20200814 07:08:49.543" level="INFO">${PREV_TEST_STATUS} = PASS</msg>
<msg timestamp="20200814 07:08:49.543" level="INFO">${REPORT_FILE} = F:\RobotScripts\explore-libraries\results\built-in\report.html</msg>
<msg timestamp="20200814 07:08:49.543" level="INFO">${SOME_GLOBAL_DATA} = This available everywhere</msg>
<msg timestamp="20200814 07:08:49.543" level="INFO">${some_suite_data} = This is available within all tests in this suite</msg>
<msg timestamp="20200814 07:08:49.543" level="INFO">${SPACE} =  </msg>
<msg timestamp="20200814 07:08:49.543" level="INFO">${SUITE_DOCUMENTATION} = Checking out the built-in library</msg>
<msg timestamp="20200814 07:08:49.543" level="INFO">&amp;{SUITE_METADATA} = { }</msg>
<msg timestamp="20200814 07:08:49.543" level="INFO">${SUITE_NAME} = Built in</msg>
<msg timestamp="20200814 07:08:49.543" level="INFO">${SUITE_SOURCE} = F:\RobotScripts\explore-libraries\tests\Built_in.robot</msg>
<msg timestamp="20200814 07:08:49.543" level="INFO">${TEMPDIR} = C:\Users\Narender\AppData\Local\Temp</msg>
<msg timestamp="20200814 07:08:49.543" level="INFO">${TEST_DOCUMENTATION} = </msg>
<msg timestamp="20200814 07:08:49.543" level="INFO">${TEST_NAME} = Logging stuff</msg>
<msg timestamp="20200814 07:08:49.543" level="INFO">@{TEST_TAGS} = [ BuiltIn ]</msg>
<msg timestamp="20200814 07:08:49.543" level="INFO">${True} = True</msg>
<status status="PASS" starttime="20200814 07:08:49.539" endtime="20200814 07:08:49.543"></status>
</kw>
<kw name="Log" library="BuiltIn">
<doc>Logs the given message with the given level.</doc>
<arguments>
<arg>${some_suite_data}</arg>
</arguments>
<msg timestamp="20200814 07:08:49.543" level="INFO">This is available within all tests in this suite</msg>
<status status="PASS" starttime="20200814 07:08:49.543" endtime="20200814 07:08:49.543"></status>
</kw>
<kw name="Log" library="BuiltIn">
<doc>Logs the given message with the given level.</doc>
<arguments>
<arg>${GLOBAL1}</arg>
</arguments>
<msg timestamp="20200814 07:08:49.543" level="INFO">I am global variable 1</msg>
<status status="PASS" starttime="20200814 07:08:49.543" endtime="20200814 07:08:49.543"></status>
</kw>
<kw name="Log" library="BuiltIn">
<doc>Logs the given message with the given level.</doc>
<arguments>
<arg>${SOME_GLOBAL_DATA}</arg>
</arguments>
<msg timestamp="20200814 07:08:49.543" level="INFO">This available everywhere</msg>
<status status="PASS" starttime="20200814 07:08:49.543" endtime="20200814 07:08:49.543"></status>
</kw>
<tags>
<tag>BuiltIn</tag>
</tags>
<status status="PASS" starttime="20200814 07:08:49.535" endtime="20200814 07:08:49.547" critical="yes"></status>
</test>
<test id="s1-t3" name="Ignore failures in this test">
<kw name="Open Browser" library="SeleniumLibrary">
<doc>Opens a new browser instance to the optional ``url``.</doc>
<arguments>
<arg>http://www.amazon.com</arg>
<arg>ie</arg>
</arguments>
<msg timestamp="20200814 07:08:49.547" level="INFO">Opening browser 'ie' to base url 'http://www.amazon.com'.</msg>
<kw name="Capture Page Screenshot" library="SeleniumLibrary">
<doc>Takes a screenshot of the current page and embeds it into a log file.</doc>
<msg timestamp="20200814 07:14:06.165" level="WARN">Retrying (Retry(total=2, connect=None, read=None, redirect=None, status=None)) after connection broken by 'ProtocolError('Connection aborted.', ConnectionResetError(10054, 'An existing connection was forcibly closed by the remote host', None, 10054, None))': /session/ca0bbeae-abc2-4fb1-aadf-3c3888c41c96/screenshot</msg>
<msg timestamp="20200814 07:14:08.175" level="WARN">Retrying (Retry(total=1, connect=None, read=None, redirect=None, status=None)) after connection broken by 'NewConnectionError('&lt;urllib3.connection.HTTPConnection object at 0x000001E7F48C7CF8&gt;: Failed to establish a new connection: [WinError 10061] No connection could be made because the target machine actively refused it',)': /session/ca0bbeae-abc2-4fb1-aadf-3c3888c41c96/screenshot</msg>
<msg timestamp="20200814 07:14:10.192" level="WARN">Retrying (Retry(total=0, connect=None, read=None, redirect=None, status=None)) after connection broken by 'NewConnectionError('&lt;urllib3.connection.HTTPConnection object at 0x000001E7F48C7DA0&gt;: Failed to establish a new connection: [WinError 10061] No connection could be made because the target machine actively refused it',)': /session/ca0bbeae-abc2-4fb1-aadf-3c3888c41c96/screenshot</msg>
<msg timestamp="20200814 07:14:12.570" level="FAIL">MaxRetryError: HTTPConnectionPool(host='127.0.0.1', port=51129): Max retries exceeded with url: /session/ca0bbeae-abc2-4fb1-aadf-3c3888c41c96/screenshot (Caused by NewConnectionError('&lt;urllib3.connection.HTTPConnection object at 0x000001E7F48C7EF0&gt;: Failed to establish a new connection: [WinError 10061] No connection could be made because the target machine actively refused it',))</msg>
<status status="FAIL" starttime="20200814 07:13:56.943" endtime="20200814 07:14:12.570"></status>
</kw>
<msg timestamp="20200814 07:14:12.570" level="WARN">Keyword 'Capture Page Screenshot' could not be run on failure: MaxRetryError: HTTPConnectionPool(host='127.0.0.1', port=51129): Max retries exceeded with url: /session/ca0bbeae-abc2-4fb1-aadf-3c3888c41c96/screenshot (Caused by NewConnectionError('&lt;urllib3.connection.HTTPConnection object at 0x000001E7F48C7EF0&gt;: Failed to establish a new connection: [WinError 10061] No connection could be made because the target machine actively refused it',))</msg>
<msg timestamp="20200814 07:14:12.622" level="FAIL">TimeoutException: Message: Timed out waiting for page to load.
</msg>
<status status="FAIL" starttime="20200814 07:08:49.547" endtime="20200814 07:14:12.622"></status>
</kw>
<tags>
<tag>BuiltIn</tag>
</tags>
<status status="FAIL" starttime="20200814 07:08:49.547" endtime="20200814 07:14:12.626" critical="yes">TimeoutException: Message: Timed out waiting for page to load.
</status>
</test>
<test id="s1-t4" name="Repeat things">
<kw name="Repeat Keyword" library="BuiltIn">
<doc>Executes the specified keyword multiple times.</doc>
<arguments>
<arg>3 Times</arg>
<arg>Say Something Funny</arg>
</arguments>
<msg timestamp="20200814 07:14:12.630" level="INFO">Repeating keyword, round 1/3.</msg>
<kw name="Say something funny">
<kw name="Log" library="BuiltIn">
<doc>Logs the given message with the given level.</doc>
<arguments>
<arg>These pretzels are making me thirsty...</arg>
</arguments>
<msg timestamp="20200814 07:14:12.630" level="INFO">These pretzels are making me thirsty...</msg>
<status status="PASS" starttime="20200814 07:14:12.630" endtime="20200814 07:14:12.630"></status>
</kw>
<status status="PASS" starttime="20200814 07:14:12.630" endtime="20200814 07:14:12.630"></status>
</kw>
<msg timestamp="20200814 07:14:12.630" level="INFO">Repeating keyword, round 2/3.</msg>
<kw name="Say something funny">
<kw name="Log" library="BuiltIn">
<doc>Logs the given message with the given level.</doc>
<arguments>
<arg>These pretzels are making me thirsty...</arg>
</arguments>
<msg timestamp="20200814 07:14:12.630" level="INFO">These pretzels are making me thirsty...</msg>
<status status="PASS" starttime="20200814 07:14:12.630" endtime="20200814 07:14:12.630"></status>
</kw>
<status status="PASS" starttime="20200814 07:14:12.630" endtime="20200814 07:14:12.630"></status>
</kw>
<msg timestamp="20200814 07:14:12.630" level="INFO">Repeating keyword, round 3/3.</msg>
<kw name="Say something funny">
<kw name="Log" library="BuiltIn">
<doc>Logs the given message with the given level.</doc>
<arguments>
<arg>These pretzels are making me thirsty...</arg>
</arguments>
<msg timestamp="20200814 07:14:12.630" level="INFO">These pretzels are making me thirsty...</msg>
<status status="PASS" starttime="20200814 07:14:12.630" endtime="20200814 07:14:12.630"></status>
</kw>
<status status="PASS" starttime="20200814 07:14:12.630" endtime="20200814 07:14:12.630"></status>
</kw>
<status status="PASS" starttime="20200814 07:14:12.626" endtime="20200814 07:14:12.630"></status>
</kw>
<kw name="Log" library="BuiltIn">
<doc>Logs the given message with the given level.</doc>
<arguments>
<arg>${some_suite_data}</arg>
</arguments>
<msg timestamp="20200814 07:14:12.630" level="INFO">This is available within all tests in this suite</msg>
<status status="PASS" starttime="20200814 07:14:12.630" endtime="20200814 07:14:12.630"></status>
</kw>
<kw name="Log" library="BuiltIn">
<doc>Logs the given message with the given level.</doc>
<arguments>
<arg>${GLOBAL1}</arg>
</arguments>
<msg timestamp="20200814 07:14:12.630" level="INFO">I am global variable 1</msg>
<status status="PASS" starttime="20200814 07:14:12.630" endtime="20200814 07:14:12.630"></status>
</kw>
<kw name="Log" library="BuiltIn">
<doc>Logs the given message with the given level.</doc>
<arguments>
<arg>${SOME_GLOBAL_DATA}</arg>
</arguments>
<msg timestamp="20200814 07:14:12.634" level="INFO">This available everywhere</msg>
<status status="PASS" starttime="20200814 07:14:12.634" endtime="20200814 07:14:12.634"></status>
</kw>
<status status="PASS" starttime="20200814 07:14:12.626" endtime="20200814 07:14:12.634" critical="yes"></status>
</test>
<doc>Checking out the built-in library</doc>
<status status="FAIL" starttime="20200814 07:08:49.099" endtime="20200814 07:14:12.646"></status>
</suite>
<statistics>
<total>
<stat pass="3" fail="1">Critical Tests</stat>
<stat pass="3" fail="1">All Tests</stat>
</total>
<tag>
<stat pass="1" fail="1">BuiltIn</stat>
</tag>
<suite>
<stat pass="3" fail="1" id="s1" name="Built in">Built in</stat>
</suite>
</statistics>
<errors>
<msg timestamp="20200814 07:14:06.165" level="WARN">Retrying (Retry(total=2, connect=None, read=None, redirect=None, status=None)) after connection broken by 'ProtocolError('Connection aborted.', ConnectionResetError(10054, 'An existing connection was forcibly closed by the remote host', None, 10054, None))': /session/ca0bbeae-abc2-4fb1-aadf-3c3888c41c96/screenshot</msg>
<msg timestamp="20200814 07:14:08.175" level="WARN">Retrying (Retry(total=1, connect=None, read=None, redirect=None, status=None)) after connection broken by 'NewConnectionError('&lt;urllib3.connection.HTTPConnection object at 0x000001E7F48C7CF8&gt;: Failed to establish a new connection: [WinError 10061] No connection could be made because the target machine actively refused it',)': /session/ca0bbeae-abc2-4fb1-aadf-3c3888c41c96/screenshot</msg>
<msg timestamp="20200814 07:14:10.192" level="WARN">Retrying (Retry(total=0, connect=None, read=None, redirect=None, status=None)) after connection broken by 'NewConnectionError('&lt;urllib3.connection.HTTPConnection object at 0x000001E7F48C7DA0&gt;: Failed to establish a new connection: [WinError 10061] No connection could be made because the target machine actively refused it',)': /session/ca0bbeae-abc2-4fb1-aadf-3c3888c41c96/screenshot</msg>
<msg timestamp="20200814 07:14:12.570" level="WARN">Keyword 'Capture Page Screenshot' could not be run on failure: MaxRetryError: HTTPConnectionPool(host='127.0.0.1', port=51129): Max retries exceeded with url: /session/ca0bbeae-abc2-4fb1-aadf-3c3888c41c96/screenshot (Caused by NewConnectionError('&lt;urllib3.connection.HTTPConnection object at 0x000001E7F48C7EF0&gt;: Failed to establish a new connection: [WinError 10061] No connection could be made because the target machine actively refused it',))</msg>
</errors>
</robot>
