<?xml version="1.0" encoding="UTF-8"?>
<robot generator="Robot 3.2.1 (Python 3.6.5 on win32)" generated="20200812 11:15:28.348" rpa="false">
<suite id="s1" name="Tests" source="F:\RobotScripts\front-office\tests">
<suite id="s1-s1" name="Front Office" source="F:\RobotScripts\front-office\tests\Front_Office.robot">
<test id="s1-s1-t1" name="Should be able to access &quot;Team&quot; page">
<kw name="Begin Web Test" library="CommonWeb" type="setup">
<kw name="Open Browser" library="SeleniumLibrary">
<doc>Opens a new browser instance to the optional ``url``.</doc>
<arguments>
<arg>about:blank</arg>
<arg>${BROWSER}</arg>
</arguments>
<msg timestamp="20200812 11:15:28.551" level="INFO">Opening browser 'chrome' to base url 'about:blank'.</msg>
<status status="PASS" starttime="20200812 11:15:28.551" endtime="20200812 11:15:34.463"></status>
</kw>
<status status="PASS" starttime="20200812 11:15:28.551" endtime="20200812 11:15:34.464"></status>
</kw>
<kw name="Go to Landing Page" library="FrontOfficeApp">
<kw name="Navigate To" library="Landing">
<kw name="Go To" library="SeleniumLibrary">
<doc>Navigates the current browser window to the provided ``url``.</doc>
<arguments>
<arg>${URL}</arg>
</arguments>
<msg timestamp="20200812 11:15:34.465" level="INFO">Opening url 'http://www.robotframeworktutorial.com/front-office'</msg>
<status status="PASS" starttime="20200812 11:15:34.465" endtime="20200812 11:15:42.788"></status>
</kw>
<status status="PASS" starttime="20200812 11:15:34.465" endtime="20200812 11:15:42.788"></status>
</kw>
<kw name="Verify Page Loaded" library="Landing">
<kw name="Wait Until Page Contains Element" library="SeleniumLibrary">
<doc>Waits until the element ``locator`` appears on the current page.</doc>
<arguments>
<arg>${LANDING_NAVIGATION_ELEMENT}</arg>
</arguments>
<status status="PASS" starttime="20200812 11:15:42.790" endtime="20200812 11:15:42.808"></status>
</kw>
<status status="PASS" starttime="20200812 11:15:42.789" endtime="20200812 11:15:42.809"></status>
</kw>
<status status="PASS" starttime="20200812 11:15:34.464" endtime="20200812 11:15:42.809"></status>
</kw>
<kw name="Go to &quot;Team&quot; Page" library="FrontOfficeApp">
<kw name="Select &quot;Team&quot; Page" library="TopNav">
<kw name="Click Element" library="SeleniumLibrary">
<doc>Click the element identified by ``locator``.</doc>
<arguments>
<arg>${TOP_NAV_TEAM_LINK}</arg>
</arguments>
<msg timestamp="20200812 11:15:42.811" level="INFO">Clicking element 'css=#bs-example-navbar-collapse-1 &gt; ul &gt; li:nth-child(5) &gt; a'.</msg>
<status status="PASS" starttime="20200812 11:15:42.810" endtime="20200812 11:15:42.858"></status>
</kw>
<kw name="Sleep" library="BuiltIn">
<doc>Pauses the test executed for the given time.</doc>
<arguments>
<arg>3s</arg>
</arguments>
<msg timestamp="20200812 11:15:45.862" level="INFO">Slept 3 seconds</msg>
<status status="PASS" starttime="20200812 11:15:42.859" endtime="20200812 11:15:45.862"></status>
</kw>
<status status="PASS" starttime="20200812 11:15:42.810" endtime="20200812 11:15:45.862"></status>
</kw>
<kw name="Verify Page Loaded" library="Team">
<kw name="Wait Until Page Contains Element" library="SeleniumLibrary">
<doc>Waits until the element ``locator`` appears on the current page.</doc>
<arguments>
<arg>${TEAM_HEADER_LABEL}</arg>
</arguments>
<status status="PASS" starttime="20200812 11:15:45.862" endtime="20200812 11:15:45.862"></status>
</kw>
<status status="PASS" starttime="20200812 11:15:45.862" endtime="20200812 11:15:45.862"></status>
</kw>
<status status="PASS" starttime="20200812 11:15:42.810" endtime="20200812 11:15:45.862"></status>
</kw>
<kw name="End Web Test" library="CommonWeb" type="teardown">
<kw name="Close All Browsers" library="SeleniumLibrary">
<doc>Closes all open browsers and resets the browser cache.</doc>
<status status="PASS" starttime="20200812 11:15:45.877" endtime="20200812 11:15:50.033"></status>
</kw>
<status status="PASS" starttime="20200812 11:15:45.877" endtime="20200812 11:15:50.033"></status>
</kw>
<doc>This is test 1</doc>
<tags>
<tag>test1</tag>
</tags>
<status status="PASS" starttime="20200812 11:15:28.551" endtime="20200812 11:15:50.033" critical="yes"></status>
</test>
<test id="s1-s1-t2" name="&quot;Team&quot; page should match requirements">
<kw name="Begin Web Test" library="CommonWeb" type="setup">
<kw name="Open Browser" library="SeleniumLibrary">
<doc>Opens a new browser instance to the optional ``url``.</doc>
<arguments>
<arg>about:blank</arg>
<arg>${BROWSER}</arg>
</arguments>
<msg timestamp="20200812 11:15:50.033" level="INFO">Opening browser 'chrome' to base url 'about:blank'.</msg>
<status status="PASS" starttime="20200812 11:15:50.033" endtime="20200812 11:15:55.899"></status>
</kw>
<status status="PASS" starttime="20200812 11:15:50.033" endtime="20200812 11:15:55.899"></status>
</kw>
<kw name="Go to Landing Page" library="FrontOfficeApp">
<kw name="Navigate To" library="Landing">
<kw name="Go To" library="SeleniumLibrary">
<doc>Navigates the current browser window to the provided ``url``.</doc>
<arguments>
<arg>${URL}</arg>
</arguments>
<msg timestamp="20200812 11:15:55.900" level="INFO">Opening url 'http://www.robotframeworktutorial.com/front-office'</msg>
<status status="PASS" starttime="20200812 11:15:55.900" endtime="20200812 11:16:03.239"></status>
</kw>
<status status="PASS" starttime="20200812 11:15:55.900" endtime="20200812 11:16:03.239"></status>
</kw>
<kw name="Verify Page Loaded" library="Landing">
<kw name="Wait Until Page Contains Element" library="SeleniumLibrary">
<doc>Waits until the element ``locator`` appears on the current page.</doc>
<arguments>
<arg>${LANDING_NAVIGATION_ELEMENT}</arg>
</arguments>
<status status="PASS" starttime="20200812 11:16:03.240" endtime="20200812 11:16:03.250"></status>
</kw>
<status status="PASS" starttime="20200812 11:16:03.239" endtime="20200812 11:16:03.251"></status>
</kw>
<status status="PASS" starttime="20200812 11:15:55.899" endtime="20200812 11:16:03.251"></status>
</kw>
<kw name="Go to &quot;Team&quot; Page" library="FrontOfficeApp">
<kw name="Select &quot;Team&quot; Page" library="TopNav">
<kw name="Click Element" library="SeleniumLibrary">
<doc>Click the element identified by ``locator``.</doc>
<arguments>
<arg>${TOP_NAV_TEAM_LINK}</arg>
</arguments>
<msg timestamp="20200812 11:16:03.252" level="INFO">Clicking element 'css=#bs-example-navbar-collapse-1 &gt; ul &gt; li:nth-child(5) &gt; a'.</msg>
<status status="PASS" starttime="20200812 11:16:03.252" endtime="20200812 11:16:03.300"></status>
</kw>
<kw name="Sleep" library="BuiltIn">
<doc>Pauses the test executed for the given time.</doc>
<arguments>
<arg>3s</arg>
</arguments>
<msg timestamp="20200812 11:16:06.308" level="INFO">Slept 3 seconds</msg>
<status status="PASS" starttime="20200812 11:16:03.301" endtime="20200812 11:16:06.308"></status>
</kw>
<status status="PASS" starttime="20200812 11:16:03.252" endtime="20200812 11:16:06.308"></status>
</kw>
<kw name="Verify Page Loaded" library="Team">
<kw name="Wait Until Page Contains Element" library="SeleniumLibrary">
<doc>Waits until the element ``locator`` appears on the current page.</doc>
<arguments>
<arg>${TEAM_HEADER_LABEL}</arg>
</arguments>
<status status="PASS" starttime="20200812 11:16:06.308" endtime="20200812 11:16:06.308"></status>
</kw>
<status status="PASS" starttime="20200812 11:16:06.308" endtime="20200812 11:16:06.308"></status>
</kw>
<status status="PASS" starttime="20200812 11:16:03.251" endtime="20200812 11:16:06.308"></status>
</kw>
<kw name="Validate &quot;Team&quot; Page" library="FrontOfficeApp">
<kw name="Validate Page Contents" library="Team">
<kw name="Get Text" library="SeleniumLibrary">
<doc>Returns the text value of the element identified by ``locator``.</doc>
<arguments>
<arg>${TEAM_HEADER_LABEL}</arg>
</arguments>
<assign>
<var>${ElementText}</var>
</assign>
<msg timestamp="20200812 11:16:06.339" level="INFO">${ElementText} = OUR AMAZING TEAM</msg>
<status status="PASS" starttime="20200812 11:16:06.323" endtime="20200812 11:16:06.339"></status>
</kw>
<kw name="Should Be Equal As Strings" library="BuiltIn">
<doc>Fails if objects are unequal after converting them to strings.</doc>
<arguments>
<arg>${ElementText}</arg>
<arg>Our Amazing Team</arg>
<arg>ignore_case=true</arg>
</arguments>
<status status="PASS" starttime="20200812 11:16:06.339" endtime="20200812 11:16:06.339"></status>
</kw>
<status status="PASS" starttime="20200812 11:16:06.323" endtime="20200812 11:16:06.339"></status>
</kw>
<status status="PASS" starttime="20200812 11:16:06.323" endtime="20200812 11:16:06.339"></status>
</kw>
<kw name="End Web Test" library="CommonWeb" type="teardown">
<kw name="Close All Browsers" library="SeleniumLibrary">
<doc>Closes all open browsers and resets the browser cache.</doc>
<status status="PASS" starttime="20200812 11:16:06.339" endtime="20200812 11:16:10.479"></status>
</kw>
<status status="PASS" starttime="20200812 11:16:06.339" endtime="20200812 11:16:10.479"></status>
</kw>
<doc>This is test 2</doc>
<tags>
<tag>test2</tag>
</tags>
<status status="PASS" starttime="20200812 11:15:50.033" endtime="20200812 11:16:10.479" critical="yes"></status>
</test>
<doc>Talk about what this suite of tests does</doc>
<status status="PASS" starttime="20200812 11:15:28.364" endtime="20200812 11:16:10.479"></status>
</suite>
<status status="PASS" starttime="20200812 11:15:28.348" endtime="20200812 11:16:10.479"></status>
</suite>
<statistics>
<total>
<stat pass="2" fail="0">Critical Tests</stat>
<stat pass="2" fail="0">All Tests</stat>
</total>
<tag>
<stat pass="1" fail="0">test1</stat>
<stat pass="1" fail="0">test2</stat>
</tag>
<suite>
<stat pass="2" fail="0" id="s1" name="Tests">Tests</stat>
<stat pass="2" fail="0" id="s1-s1" name="Front Office">Tests.Front Office</stat>
</suite>
</statistics>
<errors>
</errors>
</robot>
