<?xml version="1.0" encoding="UTF-8"?>
<robot generator="Robot 3.2.1 (Python 3.6.5 on win32)" generated="20200814 07:20:14.744" rpa="false">
<suite id="s1" name="Dialogs" source="F:\RobotScripts\explore-libraries\tests\dialogs.robot">
<test id="s1-t1" name="Logged out user can search for products">
<kw name="Begin Web Test" library="Common" type="setup">
<kw name="Open Browser" library="SeleniumLibrary">
<doc>Opens a new browser instance to the optional ``url``.</doc>
<arguments>
<arg>about:blank</arg>
<arg>${BROWSER}</arg>
</arguments>
<msg timestamp="20200814 07:20:14.974" level="INFO">Opening browser 'chrome' to base url 'about:blank'.</msg>
<status status="PASS" starttime="20200814 07:20:14.974" endtime="20200814 07:20:20.409"></status>
</kw>
<status status="PASS" starttime="20200814 07:20:14.973" endtime="20200814 07:20:20.409"></status>
</kw>
<kw name="Get Selection From User" library="Dialogs">
<doc>Pauses test execution and asks user to select a value.</doc>
<arguments>
<arg>Which browser?</arg>
<arg>chrome</arg>
<arg>ie</arg>
<arg>firefox</arg>
</arguments>
<assign>
<var>${new_browser}</var>
</assign>
<msg timestamp="20200814 07:20:30.426" level="INFO">${new_browser} = ie</msg>
<status status="PASS" starttime="20200814 07:20:20.409" endtime="20200814 07:20:30.426"></status>
</kw>
<kw name="Set Global Variable" library="BuiltIn">
<doc>Makes a variable available globally in all tests and suites.</doc>
<arguments>
<arg>${BROWSER}</arg>
<arg>${new_browser}</arg>
</arguments>
<msg timestamp="20200814 07:20:30.429" level="INFO">${BROWSER} = ie</msg>
<status status="PASS" starttime="20200814 07:20:30.428" endtime="20200814 07:20:30.429"></status>
</kw>
<kw name="Search for Products" library="AmazonApp">
<kw name="Load" library="LandingPage">
<kw name="Go To" library="SeleniumLibrary">
<doc>Navigates the current browser window to the provided ``url``.</doc>
<arguments>
<arg>${START_URL}</arg>
</arguments>
<msg timestamp="20200814 07:20:30.434" level="INFO">Opening url 'https://www.amazon.com'</msg>
<status status="PASS" starttime="20200814 07:20:30.434" endtime="20200814 07:20:36.158"></status>
</kw>
<status status="PASS" starttime="20200814 07:20:30.433" endtime="20200814 07:20:36.158"></status>
</kw>
<kw name="Verify Page Loaded" library="LandingPage">
<kw name="Wait Until Page Contains" library="SeleniumLibrary">
<doc>Waits until ``text`` appears on the current page.</doc>
<arguments>
<arg>Sell</arg>
</arguments>
<status status="PASS" starttime="20200814 07:20:36.159" endtime="20200814 07:20:36.189"></status>
</kw>
<status status="PASS" starttime="20200814 07:20:36.158" endtime="20200814 07:20:36.189"></status>
</kw>
<kw name="Search for Products" library="TopNav">
<kw name="Enter Search Term" library="TopNav">
<kw name="Input Text" library="SeleniumLibrary">
<doc>Types the given ``text`` into the text field identified by ``locator``.</doc>
<arguments>
<arg>id=twotabsearchtextbox</arg>
<arg>${SEARCH_TERM}</arg>
</arguments>
<msg timestamp="20200814 07:20:36.190" level="INFO">Typing text 'Ferrari 458' into text field 'id=twotabsearchtextbox'.</msg>
<status status="PASS" starttime="20200814 07:20:36.190" endtime="20200814 07:20:36.448"></status>
</kw>
<status status="PASS" starttime="20200814 07:20:36.189" endtime="20200814 07:20:36.449"></status>
</kw>
<kw name="Submit Search" library="TopNav">
<kw name="Click Button" library="SeleniumLibrary">
<doc>Clicks the button identified by ``locator``.</doc>
<arguments>
<arg>xpath=//*[@id="nav-search"]/form/div[2]/div/input</arg>
</arguments>
<msg timestamp="20200814 07:20:36.449" level="INFO">Clicking button 'xpath=//*[@id="nav-search"]/form/div[2]/div/input'.</msg>
<status status="PASS" starttime="20200814 07:20:36.449" endtime="20200814 07:20:39.290"></status>
</kw>
<status status="PASS" starttime="20200814 07:20:36.449" endtime="20200814 07:20:39.290"></status>
</kw>
<status status="PASS" starttime="20200814 07:20:36.189" endtime="20200814 07:20:39.290"></status>
</kw>
<kw name="Verify Search Completed" library="SearchResults">
<kw name="Wait Until Page Contains" library="SeleniumLibrary">
<doc>Waits until ``text`` appears on the current page.</doc>
<arguments>
<arg>results for "${SEARCH_TERM}"</arg>
</arguments>
<status status="PASS" starttime="20200814 07:20:39.291" endtime="20200814 07:20:39.322"></status>
</kw>
<status status="PASS" starttime="20200814 07:20:39.291" endtime="20200814 07:20:39.322"></status>
</kw>
<status status="PASS" starttime="20200814 07:20:30.431" endtime="20200814 07:20:39.322"></status>
</kw>
<kw name="End Web Test" library="Common" type="teardown">
<kw name="Close Browser" library="SeleniumLibrary">
<doc>Closes the current browser.</doc>
<status status="PASS" starttime="20200814 07:20:39.323" endtime="20200814 07:20:43.366"></status>
</kw>
<status status="PASS" starttime="20200814 07:20:39.323" endtime="20200814 07:20:43.367"></status>
</kw>
<tags>
<tag>Web</tag>
</tags>
<status status="PASS" starttime="20200814 07:20:14.972" endtime="20200814 07:20:43.367" critical="yes"></status>
</test>
<test id="s1-t2" name="Logged out user can add product to cart">
<kw name="Begin Web Test" library="Common" type="setup">
<kw name="Open Browser" library="SeleniumLibrary">
<doc>Opens a new browser instance to the optional ``url``.</doc>
<arguments>
<arg>about:blank</arg>
<arg>${BROWSER}</arg>
</arguments>
<msg timestamp="20200814 07:20:43.371" level="INFO">Opening browser 'ie' to base url 'about:blank'.</msg>
<status status="PASS" starttime="20200814 07:20:43.371" endtime="20200814 07:20:44.550"></status>
</kw>
<status status="PASS" starttime="20200814 07:20:43.370" endtime="20200814 07:20:44.550"></status>
</kw>
<kw name="Get Value From User" library="Dialogs">
<doc>Pauses test execution and asks user to input a value.</doc>
<arguments>
<arg>Input User Name</arg>
</arguments>
<assign>
<var>${input_name}</var>
</assign>
<msg timestamp="20200814 07:20:52.744" level="INFO">${input_name} = Narender</msg>
<status status="PASS" starttime="20200814 07:20:44.550" endtime="20200814 07:20:52.744"></status>
</kw>
<kw name="Execute Manual Step" library="Dialogs">
<doc>Pauses test execution until user sets the keyword status.</doc>
<arguments>
<arg>Do something manually!</arg>
<arg>It failed!</arg>
</arguments>
<status status="PASS" starttime="20200814 07:20:52.745" endtime="20200814 07:20:55.953"></status>
</kw>
<kw name="Select Product from Search Results" library="AmazonApp">
<kw name="Click Product Link" library="SearchResults">
<doc>Clicks on the first product in the search results list</doc>
<kw name="Click Link" library="SeleniumLibrary">
<doc>Clicks a link identified by ``locator``.</doc>
<arguments>
<arg>css=#result_0 a.s-access-detail-page</arg>
</arguments>
<msg timestamp="20200814 07:20:55.956" level="INFO">Clicking link 'css=#result_0 a.s-access-detail-page'.</msg>
<kw name="Capture Page Screenshot" library="SeleniumLibrary">
<doc>Takes a screenshot of the current page and embeds it into a log file.</doc>
<msg timestamp="20200814 07:21:04.776" level="INFO" html="yes">&lt;/td&gt;&lt;/tr&gt;&lt;tr&gt;&lt;td colspan="3"&gt;&lt;a href="selenium-screenshot-2.png"&gt;&lt;img src="selenium-screenshot-2.png" width="800px"&gt;&lt;/a&gt;</msg>
<status status="PASS" starttime="20200814 07:20:56.526" endtime="20200814 07:21:04.776"></status>
</kw>
<msg timestamp="20200814 07:21:04.839" level="FAIL">Link with locator 'css=#result_0 a.s-access-detail-page' not found.</msg>
<status status="FAIL" starttime="20200814 07:20:55.956" endtime="20200814 07:21:04.839"></status>
</kw>
<status status="FAIL" starttime="20200814 07:20:55.954" endtime="20200814 07:21:04.840"></status>
</kw>
<status status="FAIL" starttime="20200814 07:20:55.954" endtime="20200814 07:21:04.840"></status>
</kw>
<kw name="End Web Test" library="Common" type="teardown">
<kw name="Close Browser" library="SeleniumLibrary">
<doc>Closes the current browser.</doc>
<status status="PASS" starttime="20200814 07:21:04.841" endtime="20200814 07:21:07.968"></status>
</kw>
<status status="PASS" starttime="20200814 07:21:04.841" endtime="20200814 07:21:07.968"></status>
</kw>
<tags>
<tag>Web</tag>
</tags>
<status status="FAIL" starttime="20200814 07:20:43.369" endtime="20200814 07:21:07.969" critical="yes">Link with locator 'css=#result_0 a.s-access-detail-page' not found.</status>
</test>
<doc>These are some web tests</doc>
<status status="FAIL" starttime="20200814 07:20:14.745" endtime="20200814 07:21:07.971"></status>
</suite>
<statistics>
<total>
<stat pass="1" fail="1">Critical Tests</stat>
<stat pass="1" fail="1">All Tests</stat>
</total>
<tag>
<stat pass="1" fail="1">Web</stat>
</tag>
<suite>
<stat pass="1" fail="1" id="s1" name="Dialogs">Dialogs</stat>
</suite>
</statistics>
<errors>
</errors>
</robot>
