<?xml version="1.0" encoding="UTF-8"?>
<robot generator="Robot 3.2.1 (Python 3.6.5 on win32)" generated="20200812 10:07:42.640" rpa="false">
<suite id="s1" name="Amazon" source="F:\RobotScripts\amazon\tests\amazon.robot">
<kw name="Insert the Test Data" library="Common" type="setup">
<kw name="Insert UI Data" library="Common">
<kw name="Log" library="BuiltIn">
<doc>Logs the given message with the given level.</doc>
<arguments>
<arg>Inserted the UI Data</arg>
</arguments>
<msg timestamp="20200812 10:07:42.910" level="INFO">Inserted the UI Data</msg>
<status status="PASS" starttime="20200812 10:07:42.910" endtime="20200812 10:07:42.910"></status>
</kw>
<status status="PASS" starttime="20200812 10:07:42.910" endtime="20200812 10:07:42.910"></status>
</kw>
<kw name="Insert DB Data" library="Common">
<kw name="Log" library="BuiltIn">
<doc>Logs the given message with the given level.</doc>
<arguments>
<arg>Inserted the DB Data</arg>
</arguments>
<msg timestamp="20200812 10:07:42.910" level="INFO">Inserted the DB Data</msg>
<status status="PASS" starttime="20200812 10:07:42.910" endtime="20200812 10:07:42.910"></status>
</kw>
<status status="PASS" starttime="20200812 10:07:42.910" endtime="20200812 10:07:42.910"></status>
</kw>
<status status="PASS" starttime="20200812 10:07:42.910" endtime="20200812 10:07:42.910"></status>
</kw>
<test id="s1-t1" name="Varibles Precedence Example">
<kw name="Begin Web Test" library="Common" type="setup">
<kw name="Open Browser" library="SeleniumLibrary">
<doc>Opens a new browser instance to the optional ``url``.</doc>
<arguments>
<arg>about:blank</arg>
<arg>${BROWSER}</arg>
</arguments>
<msg timestamp="20200812 10:07:42.910" level="INFO">Opening browser 'chrome' to base url 'about:blank'.</msg>
<status status="PASS" starttime="20200812 10:07:42.910" endtime="20200812 10:07:48.899"></status>
</kw>
<kw name="Maximize Browser Window" library="SeleniumLibrary">
<doc>Maximizes current browser window.</doc>
<status status="PASS" starttime="20200812 10:07:48.899" endtime="20200812 10:07:51.044"></status>
</kw>
<status status="PASS" starttime="20200812 10:07:42.910" endtime="20200812 10:07:51.044"></status>
</kw>
<kw name="Log" library="BuiltIn">
<doc>Logs the given message with the given level.</doc>
<arguments>
<arg>${BROWSER}</arg>
</arguments>
<msg timestamp="20200812 10:07:51.044" level="INFO">chrome</msg>
<status status="PASS" starttime="20200812 10:07:51.044" endtime="20200812 10:07:51.044"></status>
</kw>
<kw name="End Web Test" library="Common" type="teardown">
<kw name="Close Browser" library="SeleniumLibrary">
<doc>Closes the current browser.</doc>
<status status="PASS" starttime="20200812 10:07:51.044" endtime="20200812 10:07:55.122"></status>
</kw>
<status status="PASS" starttime="20200812 10:07:51.044" endtime="20200812 10:07:55.122"></status>
</kw>
<doc>Search Products</doc>
<tags>
<tag>Current</tag>
</tags>
<status status="PASS" starttime="20200812 10:07:42.910" endtime="20200812 10:07:55.122" critical="yes"></status>
</test>
<kw name="Clear the Test Data" library="Common" type="teardown">
<kw name="Log" library="BuiltIn">
<doc>Logs the given message with the given level.</doc>
<arguments>
<arg>Clear the Test Data</arg>
</arguments>
<msg timestamp="20200812 10:07:55.122" level="INFO">Clear the Test Data</msg>
<status status="PASS" starttime="20200812 10:07:55.122" endtime="20200812 10:07:55.122"></status>
</kw>
<status status="PASS" starttime="20200812 10:07:55.122" endtime="20200812 10:07:55.122"></status>
</kw>
<doc>This is some basic info about the whole suite</doc>
<status status="PASS" starttime="20200812 10:07:42.640" endtime="20200812 10:07:55.122"></status>
</suite>
<statistics>
<total>
<stat pass="1" fail="0">Critical Tests</stat>
<stat pass="1" fail="0">All Tests</stat>
</total>
<tag>
<stat pass="1" fail="0">Current</stat>
</tag>
<suite>
<stat pass="1" fail="0" id="s1" name="Amazon">Amazon</stat>
</suite>
</statistics>
<errors>
</errors>
</robot>
